# JRE version: OpenJDK Runtime Environment (8.0_152-b01) (build 1.8.0_152-release-1343-b01)
# Java VM: OpenJDK 64-Bit Server VM (25.152-b01 mixed mode windows-amd64 compressed oops)
Heap:
 PSYoungGen      total 457216K, used 280168K [0x00000000e0000000, 0x00000000feb00000, 0x0000000100000000)
  eden space 411648K, 64% used [0x00000000e0000000,0x00000000f019bdb0,0x00000000f9200000)
  from space 45568K, 35% used [0x00000000fbe80000,0x00000000fce7e478,0x00000000feb00000)
  to   space 26624K, 0% used [0x00000000fa280000,0x00000000fa280000,0x00000000fbc80000)
 ParOldGen       total 166912K, used 138940K [0x00000000a0000000, 0x00000000aa300000, 0x00000000e0000000)
  object space 166912K, 83% used [0x00000000a0000000,0x00000000a87af110,0x00000000aa300000)
 Metaspace       used 131395K, capacity 139664K, committed 139800K, reserved 1171456K
  class space    used 15982K, capacity 17331K, committed 17432K, reserved 1048576K
GC Heap History (10 events):
Event: 12944.328 GC heap before
{Heap before GC invocations=70 (full 4):
 PSYoungGen      total 469504K, used 436302K [0x00000000e0000000, 0x00000000ff900000, 0x0000000100000000)
  eden space 420864K, 100% used [0x00000000e0000000,0x00000000f9b00000,0x00000000f9b00000)
  from space 48640K, 31% used [0x00000000f9b00000,0x00000000faa13b18,0x00000000fca80000)
  to   space 45568K, 0% used [0x00000000fcc80000,0x00000000fcc80000,0x00000000ff900000)
 ParOldGen       total 166912K, used 136801K [0x00000000a0000000, 0x00000000aa300000, 0x00000000e0000000)
  object space 166912K, 81% used [0x00000000a0000000,0x00000000a8598648,0x00000000aa300000)
 Metaspace       used 130319K, capacity 138182K, committed 138392K, reserved 1171456K
  class space    used 15880K, capacity 17194K, committed 17304K, reserved 1048576K
Event: 12944.376 GC heap after
Heap after GC invocations=70 (full 4):
 PSYoungGen      total 468992K, used 32166K [0x00000000e0000000, 0x0000000100000000, 0x0000000100000000)
  eden space 423424K, 0% used [0x00000000e0000000,0x00000000e0000000,0x00000000f9d80000)
  from space 45568K, 70% used [0x00000000fcc80000,0x00000000febe9a88,0x00000000ff900000)
  to   space 48128K, 0% used [0x00000000f9d80000,0x00000000f9d80000,0x00000000fcc80000)
 ParOldGen       total 166912K, used 137915K [0x00000000a0000000, 0x00000000aa300000, 0x00000000e0000000)
  object space 166912K, 82% used [0x00000000a0000000,0x00000000a86aed60,0x00000000aa300000)
 Metaspace       used 130319K, capacity 138182K, committed 138392K, reserved 1171456K
  class space    used 15880K, capacity 17194K, committed 17304K, reserved 1048576K
}
Event: 13210.699 GC heap before
{Heap before GC invocations=71 (full 4):
 PSYoungGen      total 468992K, used 455590K [0x00000000e0000000, 0x0000000100000000, 0x0000000100000000)
  eden space 423424K, 100% used [0x00000000e0000000,0x00000000f9d80000,0x00000000f9d80000)
  from space 45568K, 70% used [0x00000000fcc80000,0x00000000febe9a88,0x00000000ff900000)
  to   space 48128K, 0% used [0x00000000f9d80000,0x00000000f9d80000,0x00000000fcc80000)
 ParOldGen       total 166912K, used 137915K [0x00000000a0000000, 0x00000000aa300000, 0x00000000e0000000)
  object space 166912K, 82% used [0x00000000a0000000,0x00000000a86aed60,0x00000000aa300000)
 Metaspace       used 130432K, capacity 138246K, committed 138392K, reserved 1171456K
  class space    used 15880K, capacity 17194K, committed 17304K, reserved 1048576K
Event: 13210.810 GC heap after
Heap after GC invocations=71 (full 4):
 PSYoungGen      total 471552K, used 6451K [0x00000000e0000000, 0x0000000100000000, 0x0000000100000000)
  eden space 423424K, 0% used [0x00000000e0000000,0x00000000e0000000,0x00000000f9d80000)
  from space 48128K, 13% used [0x00000000f9d80000,0x00000000fa3cce98,0x00000000fcc80000)
  to   space 47616K, 0% used [0x00000000fd180000,0x00000000fd180000,0x0000000100000000)
 ParOldGen       total 166912K, used 138932K [0x00000000a0000000, 0x00000000aa300000, 0x00000000e0000000)
  object space 166912K, 83% used [0x00000000a0000000,0x00000000a87ad110,0x00000000aa300000)
 Metaspace       used 130432K, capacity 138246K, committed 138392K, reserved 1171456K
  class space    used 15880K, capacity 17194K, committed 17304K, reserved 1048576K
}
Event: 13639.203 GC heap before
{Heap before GC invocations=72 (full 4):
 PSYoungGen      total 471552K, used 429875K [0x00000000e0000000, 0x0000000100000000, 0x0000000100000000)
  eden space 423424K, 100% used [0x00000000e0000000,0x00000000f9d80000,0x00000000f9d80000)
  from space 48128K, 13% used [0x00000000f9d80000,0x00000000fa3cce98,0x00000000fcc80000)
  to   space 47616K, 0% used [0x00000000fd180000,0x00000000fd180000,0x0000000100000000)
 ParOldGen       total 166912K, used 138932K [0x00000000a0000000, 0x00000000aa300000, 0x00000000e0000000)
  object space 166912K, 83% used [0x00000000a0000000,0x00000000a87ad110,0x00000000aa300000)
 Metaspace       used 131222K, capacity 139496K, committed 139800K, reserved 1171456K
  class space    used 15977K, capacity 17327K, committed 17432K, reserved 1048576K
Event: 13639.247 GC heap after
Heap after GC invocations=72 (full 4):
 PSYoungGen      total 470528K, used 17224K [0x00000000e0000000, 0x00000000ffa80000, 0x0000000100000000)
  eden space 428544K, 0% used [0x00000000e0000000,0x00000000e0000000,0x00000000fa280000)
  from space 41984K, 41% used [0x00000000fd180000,0x00000000fe2522d0,0x00000000ffa80000)
  to   space 45056K, 0% used [0x00000000fa280000,0x00000000fa280000,0x00000000fce80000)
 ParOldGen       total 166912K, used 138940K [0x00000000a0000000, 0x00000000aa300000, 0x00000000e0000000)
  object space 166912K, 83% used [0x00000000a0000000,0x00000000a87af110,0x00000000aa300000)
 Metaspace       used 131222K, capacity 139496K, committed 139800K, reserved 1171456K
  class space    used 15977K, capacity 17327K, committed 17432K, reserved 1048576K
}
Event: 14030.171 GC heap before
{Heap before GC invocations=73 (full 4):
 PSYoungGen      total 470528K, used 445768K [0x00000000e0000000, 0x00000000ffa80000, 0x0000000100000000)
  eden space 428544K, 100% used [0x00000000e0000000,0x00000000fa280000,0x00000000fa280000)
  from space 41984K, 41% used [0x00000000fd180000,0x00000000fe2522d0,0x00000000ffa80000)
  to   space 45056K, 0% used [0x00000000fa280000,0x00000000fa280000,0x00000000fce80000)
 ParOldGen       total 166912K, used 138940K [0x00000000a0000000, 0x00000000aa300000, 0x00000000e0000000)
  object space 166912K, 83% used [0x00000000a0000000,0x00000000a87af110,0x00000000aa300000)
 Metaspace       used 131297K, capacity 139520K, committed 139800K, reserved 1171456K
  class space    used 15980K, capacity 17331K, committed 17432K, reserved 1048576K
Event: 14030.277 GC heap after
Heap after GC invocations=73 (full 4):
 PSYoungGen      total 438272K, used 26452K [0x00000000e0000000, 0x00000000feb00000, 0x0000000100000000)
  eden space 411648K, 0% used [0x00000000e0000000,0x00000000e0000000,0x00000000f9200000)
  from space 26624K, 99% used [0x00000000fa280000,0x00000000fbc550e8,0x00000000fbc80000)
  to   space 45568K, 0% used [0x00000000fbe80000,0x00000000fbe80000,0x00000000feb00000)
 ParOldGen       total 166912K, used 138940K [0x00000000a0000000, 0x00000000aa300000, 0x00000000e0000000)
  object space 166912K, 83% used [0x00000000a0000000,0x00000000a87af110,0x00000000aa300000)
 Metaspace       used 131297K, capacity 139520K, committed 139800K, reserved 1171456K
  class space    used 15980K, capacity 17331K, committed 17432K, reserved 1048576K
}
Event: 14041.139 GC heap before
{Heap before GC invocations=74 (full 4):
 PSYoungGen      total 438272K, used 438100K [0x00000000e0000000, 0x00000000feb00000, 0x0000000100000000)
  eden space 411648K, 100% used [0x00000000e0000000,0x00000000f9200000,0x00000000f9200000)
  from space 26624K, 99% used [0x00000000fa280000,0x00000000fbc550e8,0x00000000fbc80000)
  to   space 45568K, 0% used [0x00000000fbe80000,0x00000000fbe80000,0x00000000feb00000)
 ParOldGen       total 166912K, used 138940K [0x00000000a0000000, 0x00000000aa300000, 0x00000000e0000000)
  object space 166912K, 83% used [0x00000000a0000000,0x00000000a87af110,0x00000000aa300000)
 Metaspace       used 131379K, capacity 139600K, committed 139800K, reserved 1171456K
  class space    used 15981K, capacity 17331K, committed 17432K, reserved 1048576K
Event: 14041.496 GC heap after
Heap after GC invocations=74 (full 4):
 PSYoungGen      total 457216K, used 16377K [0x00000000e0000000, 0x00000000feb00000, 0x0000000100000000)
  eden space 411648K, 0% used [0x00000000e0000000,0x00000000e0000000,0x00000000f9200000)
  from space 45568K, 35% used [0x00000000fbe80000,0x00000000fce7e478,0x00000000feb00000)
  to   space 26624K, 0% used [0x00000000fa280000,0x00000000fa280000,0x00000000fbc80000)
 ParOldGen       total 166912K, used 138940K [0x00000000a0000000, 0x00000000aa300000, 0x00000000e0000000)
  object space 166912K, 83% used [0x00000000a0000000,0x00000000a87af110,0x00000000aa300000)
 Metaspace       used 131379K, capacity 139600K, committed 139800K, reserved 1171456K
  class space    used 15981K, capacity 17331K, committed 17432K, reserved 1048576K
}

